\BOOKMARK [1][-]{section.1}{Introduction}{}% 1
\BOOKMARK [2][-]{subsection.1.1}{Problem Statement and Method}{section.1}% 2
\BOOKMARK [2][-]{subsection.1.2}{Research Question}{section.1}% 3
\BOOKMARK [2][-]{subsection.1.3}{Related Work}{section.1}% 4
\BOOKMARK [2][-]{subsection.1.4}{Research Plan}{section.1}% 5
\BOOKMARK [2][-]{subsection.1.5}{Results}{section.1}% 6
\BOOKMARK [1][-]{section.2}{Theoretical Background}{}% 7
\BOOKMARK [2][-]{subsection.2.1}{Graph Theory}{section.2}% 8
\BOOKMARK [2][-]{subsection.2.2}{Metrics}{section.2}% 9
\BOOKMARK [3][-]{subsubsection.2.2.1}{Wasserstein Distance}{subsection.2.2}% 10
\BOOKMARK [2][-]{subsection.2.3}{Weisfeiler-Leman Labels}{section.2}% 11
\BOOKMARK [3][-]{subsubsection.2.3.1}{Weisfeiler-Leman Labeling Scheme}{subsection.2.3}% 12
\BOOKMARK [3][-]{subsubsection.2.3.2}{Weisfeiler-Leman Labeling Tree}{subsection.2.3}% 13
\BOOKMARK [2][-]{subsection.2.4}{Kernels}{section.2}% 14
\BOOKMARK [3][-]{subsubsection.2.4.1}{Laplacian Kernel}{subsection.2.4}% 15
\BOOKMARK [3][-]{subsubsection.2.4.2}{Tree-sliced Wasserstein Kernel}{subsection.2.4}% 16
\BOOKMARK [3][-]{subsubsection.2.4.3}{Weisfeiler-Leman Graph Kernel}{subsection.2.4}% 17
\BOOKMARK [3][-]{subsubsection.2.4.4}{Weisfeiler-Leman Optimal Assignment Graph Kernel}{subsection.2.4}% 18
\BOOKMARK [3][-]{subsubsection.2.4.5}{Wasserstein Weisfeiler-Leman Graph Kernel}{subsection.2.4}% 19
\BOOKMARK [2][-]{subsection.2.5}{Cluster Learning}{section.2}% 20
\BOOKMARK [1][-]{section.3}{Method}{}% 21
\BOOKMARK [2][-]{subsection.3.1}{Graph Representation}{section.3}% 22
\BOOKMARK [2][-]{subsection.3.2}{WLLT Edge Weight Initialization}{section.3}% 23
\BOOKMARK [2][-]{subsection.3.3}{Edge Weight Learner}{section.3}% 24
\BOOKMARK [2][-]{subsection.3.4}{l-WWLLT Kernel}{section.3}% 25
\BOOKMARK [2][-]{subsection.3.5}{Evaluation}{section.3}% 26
\BOOKMARK [3][-]{subsubsection.3.5.1}{Sample Movement Error}{subsection.3.5}% 27
\BOOKMARK [3][-]{subsubsection.3.5.2}{Support Vector Machine}{subsection.3.5}% 28
\BOOKMARK [3][-]{subsubsection.3.5.3}{Cluster Evaluations}{subsection.3.5}% 29
\BOOKMARK [3][-]{subsubsection.3.5.4}{Method Evaluation Strategy}{subsection.3.5}% 30
\BOOKMARK [3][-]{subsubsection.3.5.5}{Comparison to Other Methods}{subsection.3.5}% 31
\BOOKMARK [1][-]{section.4}{Experiments}{}% 32
\BOOKMARK [2][-]{subsection.4.1}{Datasets}{section.4}% 33
\BOOKMARK [3][-]{subsubsection.4.1.1}{TU Dataset}{subsection.4.1}% 34
\BOOKMARK [3][-]{subsubsection.4.1.2}{OGB Dataset}{subsection.4.1}% 35
\BOOKMARK [2][-]{subsection.4.2}{Set Up}{section.4}% 36
\BOOKMARK [2][-]{subsection.4.3}{Experiments}{section.4}% 37
\BOOKMARK [3][-]{subsubsection.4.3.1}{Batch Size, WLLT Depth and Number of Epochs}{subsection.4.3}% 38
\BOOKMARK [3][-]{subsubsection.4.3.2}{Edge Weight Limit}{subsection.4.3}% 39
\BOOKMARK [3][-]{subsubsection.4.3.3}{Artificial Dataset}{subsection.4.3}% 40
\BOOKMARK [3][-]{subsubsection.4.3.4}{Arbitrary Classifications}{subsection.4.3}% 41
\BOOKMARK [3][-]{subsubsection.4.3.5}{Relation between Pushing and Pulling}{subsection.4.3}% 42
\BOOKMARK [3][-]{subsubsection.4.3.6}{Dynamic PP-Factors}{subsection.4.3}% 43
\BOOKMARK [1][-]{section.5}{Results}{}% 44
\BOOKMARK [2][-]{subsection.5.1}{Comparison to other Kernels}{section.5}% 45
\BOOKMARK [2][-]{subsection.5.2}{Answering the Research Questions}{section.5}% 46
\BOOKMARK [2][-]{subsection.5.3}{Reflection and Conclusion}{section.5}% 47
\BOOKMARK [1][-]{section.6}{Outlook}{}% 48
\BOOKMARK [1][-]{appendix.A}{APPENDIX}{}% 49
\BOOKMARK [2][-]{subsection.A.1}{WLLT Statistics}{appendix.A}% 50
\BOOKMARK [2][-]{subsection.A.2}{Weisfeiler Lehman Kernel on TUDatasets}{appendix.A}% 51
\BOOKMARK [2][-]{subsection.A.3}{Overview Graph Kernel Methods}{appendix.A}% 52
